time="2026-01-19T23:17:13-05:00" level=warning msg="/Users/scheruvu/Downloads/collab-notes/docker-compose.yml: the attribute `version` is obsolete, it will be ignored, please remove it to avoid potential confusion"
Compose now can delegate build to bake for better performances
Just set COMPOSE_BAKE=true
#0 building with "desktop-linux" instance using docker driver

#1 [backend internal] load build definition from Dockerfile
#1 transferring dockerfile: 410B done
#1 DONE 0.0s

#2 [backend internal] load metadata for docker.io/library/maven:3.8.6-openjdk-11-slim
#2 ...

#3 [backend internal] load metadata for docker.io/library/eclipse-temurin:11-jre-jammy
#3 DONE 0.3s

#2 [backend internal] load metadata for docker.io/library/maven:3.8.6-openjdk-11-slim
#2 DONE 0.5s

#4 [backend internal] load .dockerignore
#4 transferring context: 2B done
#4 DONE 0.0s

#5 [backend build 1/6] FROM docker.io/library/maven:3.8.6-openjdk-11-slim@sha256:2cb7c73ba2fd0f7ae64cfabd99180030ec85841a1197b4ae821d21836cb0aa3b
#5 resolve docker.io/library/maven:3.8.6-openjdk-11-slim@sha256:2cb7c73ba2fd0f7ae64cfabd99180030ec85841a1197b4ae821d21836cb0aa3b 0.0s done
#5 DONE 0.0s

#6 [backend stage-1 1/3] FROM docker.io/library/eclipse-temurin:11-jre-jammy@sha256:88f8545b78c72f0233157a6a36d63dfb8a448891cff38f661ee0fe38ccb53d4b
#6 resolve docker.io/library/eclipse-temurin:11-jre-jammy@sha256:88f8545b78c72f0233157a6a36d63dfb8a448891cff38f661ee0fe38ccb53d4b 0.0s done
#6 DONE 0.0s

#7 [backend internal] load build context
#7 transferring context: 6.97kB done
#7 DONE 0.0s

#8 [backend stage-1 2/3] WORKDIR /app
#8 CACHED

#9 [backend build 2/6] WORKDIR /app
#9 CACHED

#10 [backend build 3/6] COPY pom.xml .
#10 CACHED

#11 [backend build 5/6] COPY src ./src
#11 CACHED

#12 [backend build 4/6] RUN mvn dependency:go-offline -DskipTests
#12 CACHED

#13 [backend build 6/6] RUN mvn clean package -DskipTests -Dmaven.test.skip=true
#13 CACHED

#14 [backend stage-1 3/3] COPY --from=build /app/target/*.jar app.jar
#14 CACHED

#15 [backend] exporting to image
#15 exporting layers done
#15 exporting manifest sha256:74a7ba1697cc93559eaa239c509ee8462897076ada712b5648b4ef5c7523f9ed done
#15 exporting config sha256:da28b1048df00eb9e123028656c67de89374879a3dae697d78e0acb3a85027e7 done
#15 exporting attestation manifest sha256:5e61837c0004a1804dbe0ba778f10abc81e4a513c039f2bfd123f9850306f835 done
#15 exporting manifest list sha256:dd5e41db40cc022ced50fae0856227d78a9c6e978f0590d00069a8faeb163aa5 done
#15 naming to docker.io/library/collab-notes-backend:latest done
#15 unpacking to docker.io/library/collab-notes-backend:latest done
#15 DONE 0.0s

#16 [backend] resolving provenance for metadata file
#16 DONE 0.0s

#17 [frontend internal] load build definition from Dockerfile
#17 transferring dockerfile: 351B done
#17 DONE 0.0s

#18 [frontend internal] load metadata for docker.io/library/node:16-alpine
#18 ...

#19 [frontend internal] load metadata for docker.io/library/nginx:alpine
#19 DONE 0.3s

#18 [frontend internal] load metadata for docker.io/library/node:16-alpine
#18 DONE 0.3s

#20 [frontend internal] load .dockerignore
#20 transferring context: 2B done
#20 DONE 0.0s

#21 [frontend build 1/6] FROM docker.io/library/node:16-alpine@sha256:a1f9d027912b58a7c75be7716c97cfbc6d3099f3a97ed84aa490be9dee20e787
#21 resolve docker.io/library/node:16-alpine@sha256:a1f9d027912b58a7c75be7716c97cfbc6d3099f3a97ed84aa490be9dee20e787 0.0s done
#21 DONE 0.0s

#22 [frontend stage-1 1/3] FROM docker.io/library/nginx:alpine@sha256:b0f7830b6bfaa1258f45d94c240ab668ced1b3651c8a222aefe6683447c7bf55
#22 resolve docker.io/library/nginx:alpine@sha256:b0f7830b6bfaa1258f45d94c240ab668ced1b3651c8a222aefe6683447c7bf55 0.0s done
#22 CACHED

#23 [frontend internal] load build context
#23 transferring context: 8.06MB 1.5s done
#23 DONE 1.5s

#24 [frontend build 3/6] COPY package*.json ./
#24 CACHED

#25 [frontend build 2/6] WORKDIR /app
#25 CACHED

#26 [frontend build 4/6] RUN npm install
#26 CACHED

#27 [frontend build 5/6] COPY . .
#27 DONE 4.0s

#28 [frontend build 6/6] RUN npm run build
#28 0.269 
#28 0.269 > collab-notes-frontend@1.0.0 build
#28 0.269 > react-scripts build
#28 0.269 
#28 0.664 Creating an optimized production build...
#28 3.410 Compiled successfully.
#28 3.410 
#28 3.410 File sizes after gzip:
#28 3.410 
#28 3.416   49.77 kB  build/static/js/main.250e9c92.js
#28 3.416   3.2 kB    build/static/css/main.628f7028.css
#28 3.416 
#28 3.416 The project was built assuming it is hosted at /.
#28 3.416 You can control this with the homepage field in your package.json.
#28 3.416 
#28 3.416 The build folder is ready to be deployed.
#28 3.416 You may serve it with a static server:
#28 3.416 
#28 3.416   npm install -g serve
#28 3.416   serve -s build
#28 3.416 
#28 3.416 Find out more about deployment here:
#28 3.416 
#28 3.416   https://cra.link/deployment
#28 3.416 
#28 DONE 3.5s

#29 [frontend stage-1 2/3] COPY --from=build /app/build /usr/share/nginx/html
#29 DONE 0.0s

#30 [frontend stage-1 3/3] COPY nginx.conf /etc/nginx/conf.d/default.conf
#30 DONE 0.0s

#31 [frontend] exporting to image
#31 exporting layers 0.0s done
#31 exporting manifest sha256:c8b1fefaa1a32953046b9a7c531e69b358c63ef954c8080b4a6ccb37f8b272b7 done
#31 exporting config sha256:bb3739d459b4d40f1fd70817c9783a88b46abd86c05e0f7ddc87f5dff71ba4fb done
#31 exporting attestation manifest sha256:fc60175c4520f0770dfa3d6e4c0d4b65ecff3a3a7a68ef269357e4d9a1822ba8 done
#31 exporting manifest list sha256:dc7da2a7ee5c3db44f36cf55ed82b55d4a902202d36c9b85e951c8605366391a done
#31 naming to docker.io/library/collab-notes-frontend:latest done
#31 unpacking to docker.io/library/collab-notes-frontend:latest 0.0s done
#31 DONE 0.1s

#32 [frontend] resolving provenance for metadata file
#32 DONE 0.0s
 backend  Built
 frontend  Built
 Network collab-notes_collab-notes-network  Creating
 Network collab-notes_collab-notes-network  Created
 Volume "collab-notes_zookeeper_data"  Creating
 Volume "collab-notes_zookeeper_data"  Created
 Volume "collab-notes_zookeeper_logs"  Creating
 Volume "collab-notes_zookeeper_logs"  Created
 Volume "collab-notes_postgres_data"  Creating
 Volume "collab-notes_postgres_data"  Created
 Volume "collab-notes_mongodb_data"  Creating
 Volume "collab-notes_mongodb_data"  Created
 Container collab-notes-postgres  Creating
 Container collab-notes-mongodb  Creating
 Container collab-notes-zookeeper  Creating
 Container collab-notes-mongodb  Created
 Container collab-notes-zookeeper  Created
 Container collab-notes-postgres  Created
 Container collab-notes-backend  Creating
 Container collab-notes-backend  Created
 Container collab-notes-frontend  Creating
 Container collab-notes-frontend  Created
 Container collab-notes-mongodb  Starting
 Container collab-notes-zookeeper  Starting
 Container collab-notes-postgres  Starting
 Container collab-notes-zookeeper  Started
Error response from daemon: failed to set up container networking: driver failed programming external connectivity on endpoint collab-notes-postgres (04d7b025694ae482c9886eae1def6e0131b4191272604268f1b3fea5ac417665): Bind for 0.0.0.0:5432 failed: port is already allocated
